  AppliedArea.cpp
C:\Users\APortillo\Documents\CodingTest\SprayProject\SprayProject\EnuPosition.hpp(47,29): error C4430: missing type specifier - int assumed. Note: C++ does not support default-int
C:\Users\APortillo\Documents\CodingTest\SprayProject\SprayProject\EnuPosition.hpp(47,29): error C2143: syntax error: missing ',' before '&'
C:\Users\APortillo\Documents\CodingTest\SprayProject\SprayProject\EnuPosition.hpp(48,29): error C4430: missing type specifier - int assumed. Note: C++ does not support default-int
C:\Users\APortillo\Documents\CodingTest\SprayProject\SprayProject\EnuPosition.hpp(48,29): error C2143: syntax error: missing ',' before '&'
C:\Users\APortillo\Documents\CodingTest\SprayProject\SprayProject\EnuPosition.hpp(57,41): error C4430: missing type specifier - int assumed. Note: C++ does not support default-int
C:\Users\APortillo\Documents\CodingTest\SprayProject\SprayProject\EnuPosition.hpp(57,41): error C2143: syntax error: missing ',' before '&'
C:\Users\APortillo\Documents\CodingTest\SprayProject\SprayProject\EnuPosition.hpp(58,41): error C4430: missing type specifier - int assumed. Note: C++ does not support default-int
C:\Users\APortillo\Documents\CodingTest\SprayProject\SprayProject\EnuPosition.hpp(58,41): error C2143: syntax error: missing ',' before '&'
C:\Users\APortillo\Documents\CodingTest\SprayProject\SprayProject\EnuPosition.hpp(59,41): error C4430: missing type specifier - int assumed. Note: C++ does not support default-int
C:\Users\APortillo\Documents\CodingTest\SprayProject\SprayProject\EnuPosition.hpp(59,41): error C2143: syntax error: missing ',' before '&'
C:\Users\APortillo\Documents\CodingTest\SprayProject\SprayProject\AppliedArea.cpp(58,18): warning C4018: '<': signed/unsigned mismatch
C:\Users\APortillo\Documents\CodingTest\SprayProject\SprayProject\AppliedArea.cpp(85,93): error C3867: 'trimble::CEnuPosition::getUp': non-standard syntax; use '&' to create a pointer to member
C:\Users\APortillo\Documents\CodingTest\SprayProject\SprayProject\AppliedArea.cpp(85,93): error C2440: '<function-style-cast>': cannot convert from 'initializer list' to 'trimble::CEnuPosition'
C:\Users\APortillo\Documents\CodingTest\SprayProject\SprayProject\AppliedArea.cpp(85,93): message : No constructor could take the source type, or constructor overload resolution was ambiguous
C:\Users\APortillo\Documents\CodingTest\SprayProject\SprayProject\AppliedArea.cpp(96,21): warning C4018: '<': signed/unsigned mismatch
  EnuPosition.cpp
C:\Users\APortillo\Documents\CodingTest\SprayProject\SprayProject\AppliedArea.cpp(113,20): warning C4018: '<': signed/unsigned mismatch
C:\Users\APortillo\Documents\CodingTest\SprayProject\SprayProject\EnuPosition.hpp(47,29): error C4430: missing type specifier - int assumed. Note: C++ does not support default-int
C:\Users\APortillo\Documents\CodingTest\SprayProject\SprayProject\EnuPosition.hpp(47,29): error C2143: syntax error: missing ',' before '&'
C:\Users\APortillo\Documents\CodingTest\SprayProject\SprayProject\EnuPosition.hpp(48,29): error C4430: missing type specifier - int assumed. Note: C++ does not support default-int
C:\Users\APortillo\Documents\CodingTest\SprayProject\SprayProject\EnuPosition.hpp(48,29): error C2143: syntax error: missing ',' before '&'
C:\Users\APortillo\Documents\CodingTest\SprayProject\SprayProject\EnuPosition.hpp(57,41): error C4430: missing type specifier - int assumed. Note: C++ does not support default-int
C:\Users\APortillo\Documents\CodingTest\SprayProject\SprayProject\EnuPosition.hpp(57,41): error C2143: syntax error: missing ',' before '&'
C:\Users\APortillo\Documents\CodingTest\SprayProject\SprayProject\EnuPosition.hpp(58,41): error C4430: missing type specifier - int assumed. Note: C++ does not support default-int
C:\Users\APortillo\Documents\CodingTest\SprayProject\SprayProject\EnuPosition.hpp(58,41): error C2143: syntax error: missing ',' before '&'
C:\Users\APortillo\Documents\CodingTest\SprayProject\SprayProject\EnuPosition.hpp(59,41): error C4430: missing type specifier - int assumed. Note: C++ does not support default-int
C:\Users\APortillo\Documents\CodingTest\SprayProject\SprayProject\EnuPosition.hpp(59,41): error C2143: syntax error: missing ',' before '&'
  Implement.cpp
C:\Users\APortillo\Documents\CodingTest\SprayProject\SprayProject\EnuPosition.cpp(10,10): fatal error C1083: Cannot open include file: 'XyzPos.hpp': No such file or directory
C:\Users\APortillo\Documents\CodingTest\SprayProject\SprayProject\EnuPosition.hpp(47,29): error C4430: missing type specifier - int assumed. Note: C++ does not support default-int
C:\Users\APortillo\Documents\CodingTest\SprayProject\SprayProject\EnuPosition.hpp(47,29): error C2143: syntax error: missing ',' before '&'
C:\Users\APortillo\Documents\CodingTest\SprayProject\SprayProject\EnuPosition.hpp(48,29): error C4430: missing type specifier - int assumed. Note: C++ does not support default-int
C:\Users\APortillo\Documents\CodingTest\SprayProject\SprayProject\EnuPosition.hpp(48,29): error C2143: syntax error: missing ',' before '&'
C:\Users\APortillo\Documents\CodingTest\SprayProject\SprayProject\EnuPosition.hpp(57,41): error C4430: missing type specifier - int assumed. Note: C++ does not support default-int
C:\Users\APortillo\Documents\CodingTest\SprayProject\SprayProject\EnuPosition.hpp(57,41): error C2143: syntax error: missing ',' before '&'
C:\Users\APortillo\Documents\CodingTest\SprayProject\SprayProject\EnuPosition.hpp(58,41): error C4430: missing type specifier - int assumed. Note: C++ does not support default-int
C:\Users\APortillo\Documents\CodingTest\SprayProject\SprayProject\EnuPosition.hpp(58,41): error C2143: syntax error: missing ',' before '&'
C:\Users\APortillo\Documents\CodingTest\SprayProject\SprayProject\EnuPosition.hpp(59,41): error C4430: missing type specifier - int assumed. Note: C++ does not support default-int
C:\Users\APortillo\Documents\CodingTest\SprayProject\SprayProject\EnuPosition.hpp(59,41): error C2143: syntax error: missing ',' before '&'
  main.cpp
C:\Users\APortillo\Documents\CodingTest\SprayProject\SprayProject\Implement.cpp(124,40): error C3867: 'trimble::CEnuPosition::getUp': non-standard syntax; use '&' to create a pointer to member
C:\Users\APortillo\Documents\CodingTest\SprayProject\SprayProject\EnuPosition.hpp(47,29): error C4430: missing type specifier - int assumed. Note: C++ does not support default-int
C:\Users\APortillo\Documents\CodingTest\SprayProject\SprayProject\EnuPosition.hpp(47,29): error C2143: syntax error: missing ',' before '&'
C:\Users\APortillo\Documents\CodingTest\SprayProject\SprayProject\EnuPosition.hpp(48,29): error C4430: missing type specifier - int assumed. Note: C++ does not support default-int
C:\Users\APortillo\Documents\CodingTest\SprayProject\SprayProject\EnuPosition.hpp(48,29): error C2143: syntax error: missing ',' before '&'
C:\Users\APortillo\Documents\CodingTest\SprayProject\SprayProject\EnuPosition.hpp(57,41): error C4430: missing type specifier - int assumed. Note: C++ does not support default-int
C:\Users\APortillo\Documents\CodingTest\SprayProject\SprayProject\EnuPosition.hpp(57,41): error C2143: syntax error: missing ',' before '&'
C:\Users\APortillo\Documents\CodingTest\SprayProject\SprayProject\EnuPosition.hpp(58,41): error C4430: missing type specifier - int assumed. Note: C++ does not support default-int
C:\Users\APortillo\Documents\CodingTest\SprayProject\SprayProject\EnuPosition.hpp(58,41): error C2143: syntax error: missing ',' before '&'
C:\Users\APortillo\Documents\CodingTest\SprayProject\SprayProject\EnuPosition.hpp(59,41): error C4430: missing type specifier - int assumed. Note: C++ does not support default-int
  Polygon.cpp
C:\Users\APortillo\Documents\CodingTest\SprayProject\SprayProject\EnuPosition.hpp(59,41): error C2143: syntax error: missing ',' before '&'
C:\Users\APortillo\Documents\CodingTest\SprayProject\SprayProject\EnuPosition.hpp(47,29): error C4430: missing type specifier - int assumed. Note: C++ does not support default-int
C:\Users\APortillo\Documents\CodingTest\SprayProject\SprayProject\EnuPosition.hpp(47,29): error C2143: syntax error: missing ',' before '&'
C:\Users\APortillo\Documents\CodingTest\SprayProject\SprayProject\EnuPosition.hpp(48,29): error C4430: missing type specifier - int assumed. Note: C++ does not support default-int
C:\Users\APortillo\Documents\CodingTest\SprayProject\SprayProject\EnuPosition.hpp(48,29): error C2143: syntax error: missing ',' before '&'
C:\Users\APortillo\Documents\CodingTest\SprayProject\SprayProject\EnuPosition.hpp(57,41): error C4430: missing type specifier - int assumed. Note: C++ does not support default-int
C:\Users\APortillo\Documents\CodingTest\SprayProject\SprayProject\EnuPosition.hpp(57,41): error C2143: syntax error: missing ',' before '&'
C:\Users\APortillo\Documents\CodingTest\SprayProject\SprayProject\EnuPosition.hpp(58,41): error C4430: missing type specifier - int assumed. Note: C++ does not support default-int
C:\Users\APortillo\Documents\CodingTest\SprayProject\SprayProject\EnuPosition.hpp(58,41): error C2143: syntax error: missing ',' before '&'
C:\Users\APortillo\Documents\CodingTest\SprayProject\SprayProject\EnuPosition.hpp(59,41): error C4430: missing type specifier - int assumed. Note: C++ does not support default-int
C:\Users\APortillo\Documents\CodingTest\SprayProject\SprayProject\EnuPosition.hpp(59,41): error C2143: syntax error: missing ',' before '&'
C:\Users\APortillo\Documents\CodingTest\SprayProject\SprayProject\Polygon.cpp(58,44): error C3867: 'trimble::CEnuPosition::getEast': non-standard syntax; use '&' to create a pointer to member
C:\Users\APortillo\Documents\CodingTest\SprayProject\SprayProject\Polygon.cpp(58,44): error C2296: '+': illegal, left operand has type 'double (__thiscall trimble::CEnuPosition::* )(void) const'
C:\Users\APortillo\Documents\CodingTest\SprayProject\SprayProject\Polygon.cpp(59,28): error C3867: 'trimble::CEnuPosition::getNorth': non-standard syntax; use '&' to create a pointer to member
C:\Users\APortillo\Documents\CodingTest\SprayProject\SprayProject\Polygon.cpp(59,28): error C2440: '=': cannot convert from 'double (__thiscall trimble::CEnuPosition::* )(void) const' to 'double'
C:\Users\APortillo\Documents\CodingTest\SprayProject\SprayProject\Polygon.cpp(59,20): message : There is no context in which this conversion is possible
C:\Users\APortillo\Documents\CodingTest\SprayProject\SprayProject\Polygon.cpp(60,22): error C3867: 'trimble::CEnuPosition::getUp': non-standard syntax; use '&' to create a pointer to member
C:\Users\APortillo\Documents\CodingTest\SprayProject\SprayProject\Polygon.cpp(60,22): error C2440: '=': cannot convert from 'double (__thiscall trimble::CEnuPosition::* )(void) const' to 'double'
C:\Users\APortillo\Documents\CodingTest\SprayProject\SprayProject\Polygon.cpp(60,17): message : There is no context in which this conversion is possible
C:\Users\APortillo\Documents\CodingTest\SprayProject\SprayProject\Polygon.cpp(65,26): error C3867: 'trimble::CEnuPosition::getEast': non-standard syntax; use '&' to create a pointer to member
C:\Users\APortillo\Documents\CodingTest\SprayProject\SprayProject\Polygon.cpp(65,26): error C2440: '=': cannot convert from 'double (__thiscall trimble::CEnuPosition::* )(void) const' to 'double'
C:\Users\APortillo\Documents\CodingTest\SprayProject\SprayProject\Polygon.cpp(65,19): message : There is no context in which this conversion is possible
C:\Users\APortillo\Documents\CodingTest\SprayProject\SprayProject\Polygon.cpp(66,46): error C3867: 'trimble::CEnuPosition::getNorth': non-standard syntax; use '&' to create a pointer to member
C:\Users\APortillo\Documents\CodingTest\SprayProject\SprayProject\Polygon.cpp(66,46): error C2296: '-': illegal, left operand has type 'double (__thiscall trimble::CEnuPosition::* )(void) const'
C:\Users\APortillo\Documents\CodingTest\SprayProject\SprayProject\Polygon.cpp(67,22): error C3867: 'trimble::CEnuPosition::getUp': non-standard syntax; use '&' to create a pointer to member
C:\Users\APortillo\Documents\CodingTest\SprayProject\SprayProject\Polygon.cpp(67,22): error C2440: '=': cannot convert from 'double (__thiscall trimble::CEnuPosition::* )(void) const' to 'double'
C:\Users\APortillo\Documents\CodingTest\SprayProject\SprayProject\Polygon.cpp(67,17): message : There is no context in which this conversion is possible
C:\Users\APortillo\Documents\CodingTest\SprayProject\SprayProject\Polygon.cpp(72,44): error C3867: 'trimble::CEnuPosition::getEast': non-standard syntax; use '&' to create a pointer to member
C:\Users\APortillo\Documents\CodingTest\SprayProject\SprayProject\Polygon.cpp(72,44): error C2296: '-': illegal, left operand has type 'double (__thiscall trimble::CEnuPosition::* )(void) const'
C:\Users\APortillo\Documents\CodingTest\SprayProject\SprayProject\Polygon.cpp(73,28): error C3867: 'trimble::CEnuPosition::getNorth': non-standard syntax; use '&' to create a pointer to member
C:\Users\APortillo\Documents\CodingTest\SprayProject\SprayProject\Polygon.cpp(73,28): error C2440: '=': cannot convert from 'double (__thiscall trimble::CEnuPosition::* )(void) const' to 'double'
C:\Users\APortillo\Documents\CodingTest\SprayProject\SprayProject\Polygon.cpp(73,20): message : There is no context in which this conversion is possible
C:\Users\APortillo\Documents\CodingTest\SprayProject\SprayProject\Polygon.cpp(74,22): error C3867: 'trimble::CEnuPosition::getUp': non-standard syntax; use '&' to create a pointer to member
C:\Users\APortillo\Documents\CodingTest\SprayProject\SprayProject\Polygon.cpp(74,22): error C2440: '=': cannot convert from 'double (__thiscall trimble::CEnuPosition::* )(void) const' to 'double'
C:\Users\APortillo\Documents\CodingTest\SprayProject\SprayProject\Polygon.cpp(74,17): message : There is no context in which this conversion is possible
C:\Users\APortillo\Documents\CodingTest\SprayProject\SprayProject\Polygon.cpp(79,26): error C3867: 'trimble::CEnuPosition::getEast': non-standard syntax; use '&' to create a pointer to member
C:\Users\APortillo\Documents\CodingTest\SprayProject\SprayProject\Polygon.cpp(79,26): error C2440: '=': cannot convert from 'double (__thiscall trimble::CEnuPosition::* )(void) const' to 'double'
C:\Users\APortillo\Documents\CodingTest\SprayProject\SprayProject\Polygon.cpp(79,19): message : There is no context in which this conversion is possible
C:\Users\APortillo\Documents\CodingTest\SprayProject\SprayProject\Polygon.cpp(80,46): error C3867: 'trimble::CEnuPosition::getNorth': non-standard syntax; use '&' to create a pointer to member
C:\Users\APortillo\Documents\CodingTest\SprayProject\SprayProject\Polygon.cpp(80,46): error C2296: '+': illegal, left operand has type 'double (__thiscall trimble::CEnuPosition::* )(void) const'
C:\Users\APortillo\Documents\CodingTest\SprayProject\SprayProject\Polygon.cpp(81,22): error C3867: 'trimble::CEnuPosition::getUp': non-standard syntax; use '&' to create a pointer to member
C:\Users\APortillo\Documents\CodingTest\SprayProject\SprayProject\Polygon.cpp(81,22): error C2440: '=': cannot convert from 'double (__thiscall trimble::CEnuPosition::* )(void) const' to 'double'
  Tractor.cpp
C:\Users\APortillo\Documents\CodingTest\SprayProject\SprayProject\Polygon.cpp(81,17): message : There is no context in which this conversion is possible
C:\Users\APortillo\Documents\CodingTest\SprayProject\SprayProject\EnuPosition.hpp(47,29): error C4430: missing type specifier - int assumed. Note: C++ does not support default-int
C:\Users\APortillo\Documents\CodingTest\SprayProject\SprayProject\EnuPosition.hpp(47,29): error C2143: syntax error: missing ',' before '&'
C:\Users\APortillo\Documents\CodingTest\SprayProject\SprayProject\EnuPosition.hpp(48,29): error C4430: missing type specifier - int assumed. Note: C++ does not support default-int
C:\Users\APortillo\Documents\CodingTest\SprayProject\SprayProject\EnuPosition.hpp(48,29): error C2143: syntax error: missing ',' before '&'
C:\Users\APortillo\Documents\CodingTest\SprayProject\SprayProject\EnuPosition.hpp(57,41): error C4430: missing type specifier - int assumed. Note: C++ does not support default-int
C:\Users\APortillo\Documents\CodingTest\SprayProject\SprayProject\EnuPosition.hpp(57,41): error C2143: syntax error: missing ',' before '&'
C:\Users\APortillo\Documents\CodingTest\SprayProject\SprayProject\EnuPosition.hpp(58,41): error C4430: missing type specifier - int assumed. Note: C++ does not support default-int
C:\Users\APortillo\Documents\CodingTest\SprayProject\SprayProject\EnuPosition.hpp(58,41): error C2143: syntax error: missing ',' before '&'
C:\Users\APortillo\Documents\CodingTest\SprayProject\SprayProject\EnuPosition.hpp(59,41): error C4430: missing type specifier - int assumed. Note: C++ does not support default-int
C:\Users\APortillo\Documents\CodingTest\SprayProject\SprayProject\EnuPosition.hpp(59,41): error C2143: syntax error: missing ',' before '&'
C:\Users\APortillo\Documents\CodingTest\SprayProject\SprayProject\Tractor.cpp(27,16): error C2143: syntax error: missing ')' before '<'
C:\Users\APortillo\Documents\CodingTest\SprayProject\SprayProject\Tractor.cpp(27,16): error C2660: 'trimble::CEnuPosition::FromXYZ': function does not take 0 arguments
C:\Users\APortillo\Documents\CodingTest\SprayProject\SprayProject\EnuPosition.hpp(48,8): message : see declaration of 'trimble::CEnuPosition::FromXYZ'
C:\Users\APortillo\Documents\CodingTest\SprayProject\SprayProject\Tractor.cpp(27,17): error C2065: 'lla': undeclared identifier
C:\Users\APortillo\Documents\CodingTest\SprayProject\SprayProject\Tractor.cpp(27,22): error C2059: syntax error: '||'
C:\Users\APortillo\Documents\CodingTest\SprayProject\SprayProject\Tractor.cpp(27,68): error C2059: syntax error: ')'
C:\Users\APortillo\Documents\CodingTest\SprayProject\SprayProject\Tractor.cpp(33,12): error C2059: syntax error: '<'
  Generating Code...
C:\Users\APortillo\Documents\CodingTest\SprayProject\SprayProject\Tractor.cpp(39,14): error C2059: syntax error: '<'
